mode: set
github.com/ataivadev/eden/cmd/vault/main.go:20.13,36.39 4 0
github.com/ataivadev/eden/cmd/vault/main.go:36.39,38.3 1 0
github.com/ataivadev/eden/cmd/vault/main.go:39.2,42.80 2 0
github.com/ataivadev/eden/cmd/vault/main.go:42.80,44.3 1 0
github.com/ataivadev/eden/cmd/vault/main.go:47.2,55.45 5 0
github.com/ataivadev/eden/cmd/vault/main.go:55.45,59.21 3 0
github.com/ataivadev/eden/cmd/vault/main.go:59.21,66.4 2 0
github.com/ataivadev/eden/cmd/vault/main.go:66.9,73.4 2 0
github.com/ataivadev/eden/cmd/vault/main.go:77.2,77.43 1 0
github.com/ataivadev/eden/cmd/vault/main.go:77.43,79.3 1 0
github.com/ataivadev/eden/cmd/vault/main.go:82.2,83.2 2 0
github.com/ataivadev/eden/cmd/vault/main.go:83.2,90.3 5 0
github.com/ataivadev/eden/cmd/vault/main.go:93.2,99.12 2 0
github.com/ataivadev/eden/cmd/vault/main.go:99.12,103.80 3 0
github.com/ataivadev/eden/cmd/vault/main.go:103.80,105.4 1 0
github.com/ataivadev/eden/cmd/vault/main.go:109.2,120.45 8 0
github.com/ataivadev/eden/cmd/vault/main.go:120.45,122.3 1 0
github.com/ataivadev/eden/cmd/vault/main.go:124.2,125.38 2 0
github.com/ataivadev/eden/cmd/vault/main.go:130.59,131.30 1 0
github.com/ataivadev/eden/cmd/vault/main.go:131.30,133.19 2 0
github.com/ataivadev/eden/cmd/vault/main.go:133.19,136.4 2 0
github.com/ataivadev/eden/cmd/vault/main.go:138.3,139.51 2 0
github.com/ataivadev/eden/cmd/vault/main.go:139.51,142.4 2 0
github.com/ataivadev/eden/cmd/vault/main.go:144.3,144.83 1 0
github.com/ataivadev/eden/cmd/vault/main.go:144.83,147.4 2 0
github.com/ataivadev/eden/cmd/vault/main.go:149.3,149.78 1 0
github.com/ataivadev/eden/cmd/vault/main.go:153.58,154.30 1 0
github.com/ataivadev/eden/cmd/vault/main.go:154.30,156.19 2 0
github.com/ataivadev/eden/cmd/vault/main.go:156.19,159.4 2 0
github.com/ataivadev/eden/cmd/vault/main.go:161.3,162.17 2 0
github.com/ataivadev/eden/cmd/vault/main.go:162.17,165.4 2 0
github.com/ataivadev/eden/cmd/vault/main.go:167.3,167.51 1 0
github.com/ataivadev/eden/cmd/vault/main.go:171.56,172.30 1 0
github.com/ataivadev/eden/cmd/vault/main.go:172.30,174.19 2 0
github.com/ataivadev/eden/cmd/vault/main.go:174.19,177.4 2 0
github.com/ataivadev/eden/cmd/vault/main.go:179.3,181.17 3 0
github.com/ataivadev/eden/cmd/vault/main.go:181.17,182.42 1 0
github.com/ataivadev/eden/cmd/vault/main.go:182.42,184.5 1 0
github.com/ataivadev/eden/cmd/vault/main.go:184.10,186.5 1 0
github.com/ataivadev/eden/cmd/vault/main.go:187.4,187.10 1 0
github.com/ataivadev/eden/cmd/vault/main.go:190.3,190.32 1 0
github.com/ataivadev/eden/cmd/vault/main.go:194.59,195.30 1 0
github.com/ataivadev/eden/cmd/vault/main.go:195.30,197.19 2 0
github.com/ataivadev/eden/cmd/vault/main.go:197.19,200.4 2 0
github.com/ataivadev/eden/cmd/vault/main.go:202.3,204.51 3 0
github.com/ataivadev/eden/cmd/vault/main.go:204.51,207.4 2 0
github.com/ataivadev/eden/cmd/vault/main.go:209.3,210.84 2 0
github.com/ataivadev/eden/cmd/vault/main.go:210.84,211.42 1 0
github.com/ataivadev/eden/cmd/vault/main.go:211.42,213.5 1 0
github.com/ataivadev/eden/cmd/vault/main.go:213.10,215.5 1 0
github.com/ataivadev/eden/cmd/vault/main.go:216.4,216.10 1 0
github.com/ataivadev/eden/cmd/vault/main.go:219.3,219.73 1 0
github.com/ataivadev/eden/cmd/vault/main.go:223.59,224.30 1 0
github.com/ataivadev/eden/cmd/vault/main.go:224.30,226.19 2 0
github.com/ataivadev/eden/cmd/vault/main.go:226.19,229.4 2 0
github.com/ataivadev/eden/cmd/vault/main.go:231.3,232.80 2 0
github.com/ataivadev/eden/cmd/vault/main.go:232.80,233.42 1 0
github.com/ataivadev/eden/cmd/vault/main.go:233.42,235.5 1 0
github.com/ataivadev/eden/cmd/vault/main.go:235.10,237.5 1 0
github.com/ataivadev/eden/cmd/vault/main.go:238.4,238.10 1 0
github.com/ataivadev/eden/cmd/vault/main.go:241.3,241.73 1 0
github.com/ataivadev/eden/cmd/vault/main.go:247.46,248.42 1 0
github.com/ataivadev/eden/cmd/vault/main.go:248.42,250.3 1 0
github.com/ataivadev/eden/cmd/vault/main.go:251.2,251.21 1 0
github.com/ataivadev/eden/cmd/vault/main.go:254.39,258.2 1 0
github.com/ataivadev/eden/cmd/vault/main.go:260.38,262.2 1 0
github.com/ataivadev/eden/pkg/core/types.go:22.40,23.11 1 1
github.com/ataivadev/eden/pkg/core/types.go:24.29,25.20 1 1
github.com/ataivadev/eden/pkg/core/types.go:26.28,27.19 1 1
github.com/ataivadev/eden/pkg/core/types.go:28.30,29.21 1 1
github.com/ataivadev/eden/pkg/core/types.go:30.29,31.20 1 1
github.com/ataivadev/eden/pkg/core/types.go:32.28,33.19 1 1
github.com/ataivadev/eden/pkg/core/types.go:34.10,35.19 1 0
github.com/ataivadev/eden/pkg/core/types.go:50.66,60.2 2 1
github.com/ataivadev/eden/pkg/core/types.go:63.55,66.2 2 1
github.com/ataivadev/eden/pkg/core/types.go:69.46,71.2 1 1
github.com/ataivadev/eden/pkg/core/types.go:82.66,89.2 1 1
github.com/ataivadev/eden/pkg/core/types.go:92.109,99.2 1 1
github.com/ataivadev/eden/pkg/core/types.go:110.40,116.2 1 1
github.com/ataivadev/eden/pkg/core/types.go:119.36,125.2 1 1
github.com/ataivadev/eden/pkg/core/types.go:128.38,134.2 1 1
github.com/ataivadev/eden/pkg/core/types.go:137.54,138.36 1 1
github.com/ataivadev/eden/pkg/core/types.go:138.36,140.3 1 1
github.com/ataivadev/eden/pkg/core/types.go:141.2,141.12 1 1
github.com/ataivadev/eden/pkg/core/types.go:145.35,146.30 1 1
github.com/ataivadev/eden/pkg/core/types.go:146.30,148.3 1 1
github.com/ataivadev/eden/pkg/core/types.go:149.2,149.12 1 1
github.com/ataivadev/eden/internal/vault/models.go:16.53,17.18 1 1
github.com/ataivadev/eden/internal/vault/models.go:17.18,20.3 2 0
github.com/ataivadev/eden/internal/vault/models.go:22.2,22.27 1 1
github.com/ataivadev/eden/internal/vault/models.go:23.14,24.30 1 1
github.com/ataivadev/eden/internal/vault/models.go:25.14,26.38 1 1
github.com/ataivadev/eden/internal/vault/models.go:27.10,28.52 1 0
github.com/ataivadev/eden/internal/vault/models.go:33.52,34.17 1 1
github.com/ataivadev/eden/internal/vault/models.go:34.17,36.3 1 1
github.com/ataivadev/eden/internal/vault/models.go:37.2,37.24 1 1
github.com/ataivadev/eden/internal/vault/models.go:54.34,56.2 1 1
github.com/ataivadev/eden/internal/vault/models.go:79.36,81.2 1 1
github.com/ataivadev/eden/internal/vault/service.go:20.28,24.2 1 1
github.com/ataivadev/eden/internal/vault/service.go:27.38,29.2 1 1
github.com/ataivadev/eden/internal/vault/service.go:32.54,34.2 1 0
github.com/ataivadev/eden/internal/vault/service.go:37.89,38.49 1 1
github.com/ataivadev/eden/internal/vault/service.go:38.49,40.3 1 1
github.com/ataivadev/eden/internal/vault/service.go:43.2,45.16 3 1
github.com/ataivadev/eden/internal/vault/service.go:45.16,47.3 1 0
github.com/ataivadev/eden/internal/vault/service.go:48.2,48.45 1 1
github.com/ataivadev/eden/internal/vault/service.go:48.45,50.3 1 0
github.com/ataivadev/eden/internal/vault/service.go:53.2,54.16 2 1
github.com/ataivadev/eden/internal/vault/service.go:54.16,56.3 1 0
github.com/ataivadev/eden/internal/vault/service.go:59.2,67.53 2 1
github.com/ataivadev/eden/internal/vault/service.go:67.53,69.3 1 0
github.com/ataivadev/eden/internal/vault/service.go:72.2,74.12 2 1
github.com/ataivadev/eden/internal/vault/service.go:78.87,81.44 3 1
github.com/ataivadev/eden/internal/vault/service.go:81.44,83.3 1 1
github.com/ataivadev/eden/internal/vault/service.go:84.2,84.16 1 1
github.com/ataivadev/eden/internal/vault/service.go:84.16,86.3 1 0
github.com/ataivadev/eden/internal/vault/service.go:89.2,90.16 2 1
github.com/ataivadev/eden/internal/vault/service.go:90.16,92.3 1 0
github.com/ataivadev/eden/internal/vault/service.go:94.2,99.21 3 1
github.com/ataivadev/eden/internal/vault/service.go:103.94,108.16 3 1
github.com/ataivadev/eden/internal/vault/service.go:108.16,110.3 1 0
github.com/ataivadev/eden/internal/vault/service.go:112.2,113.33 2 1
github.com/ataivadev/eden/internal/vault/service.go:113.33,121.3 1 1
github.com/ataivadev/eden/internal/vault/service.go:123.2,123.19 1 1
github.com/ataivadev/eden/internal/vault/service.go:127.90,128.49 1 1
github.com/ataivadev/eden/internal/vault/service.go:128.49,130.3 1 0
github.com/ataivadev/eden/internal/vault/service.go:133.2,135.44 3 1
github.com/ataivadev/eden/internal/vault/service.go:135.44,137.3 1 0
github.com/ataivadev/eden/internal/vault/service.go:138.2,138.16 1 1
github.com/ataivadev/eden/internal/vault/service.go:138.16,140.3 1 0
github.com/ataivadev/eden/internal/vault/service.go:143.2,144.16 2 1
github.com/ataivadev/eden/internal/vault/service.go:144.16,146.3 1 0
github.com/ataivadev/eden/internal/vault/service.go:149.2,155.69 2 1
github.com/ataivadev/eden/internal/vault/service.go:155.69,157.3 1 0
github.com/ataivadev/eden/internal/vault/service.go:160.2,162.12 2 1
github.com/ataivadev/eden/internal/vault/service.go:166.79,170.44 3 1
github.com/ataivadev/eden/internal/vault/service.go:170.44,172.3 1 0
github.com/ataivadev/eden/internal/vault/service.go:173.2,173.16 1 1
github.com/ataivadev/eden/internal/vault/service.go:173.16,175.3 1 0
github.com/ataivadev/eden/internal/vault/service.go:178.2,178.51 1 1
github.com/ataivadev/eden/internal/vault/service.go:178.51,180.3 1 0
github.com/ataivadev/eden/internal/vault/service.go:183.2,185.12 2 1
github.com/ataivadev/eden/internal/vault/service.go:189.56,190.41 1 1
github.com/ataivadev/eden/internal/vault/service.go:190.41,192.3 1 1
github.com/ataivadev/eden/internal/vault/service.go:193.2,193.43 1 1
github.com/ataivadev/eden/internal/vault/service.go:193.43,195.3 1 1
github.com/ataivadev/eden/internal/vault/service.go:196.2,196.27 1 1
github.com/ataivadev/eden/internal/vault/service.go:196.27,198.3 1 1
github.com/ataivadev/eden/internal/vault/service.go:199.2,199.12 1 1
github.com/ataivadev/eden/internal/vault/service.go:203.88,204.17 1 1
github.com/ataivadev/eden/internal/vault/service.go:204.17,206.3 1 0
github.com/ataivadev/eden/internal/vault/service.go:208.2,217.52 2 1
github.com/ataivadev/eden/internal/vault/service.go:217.52,220.3 1 0
github.com/ataivadev/eden/pkg/database/connection.go:25.35,26.62 1 1
github.com/ataivadev/eden/pkg/database/connection.go:26.62,28.3 1 1
github.com/ataivadev/eden/pkg/database/connection.go:29.2,29.70 1 1
github.com/ataivadev/eden/pkg/database/connection.go:29.70,31.3 1 0
github.com/ataivadev/eden/pkg/database/connection.go:32.2,32.70 1 1
github.com/ataivadev/eden/pkg/database/connection.go:32.70,34.3 1 0
github.com/ataivadev/eden/pkg/database/connection.go:35.2,35.70 1 1
github.com/ataivadev/eden/pkg/database/connection.go:35.70,37.3 1 0
github.com/ataivadev/eden/pkg/database/connection.go:38.2,38.50 1 1
github.com/ataivadev/eden/pkg/database/connection.go:38.50,40.3 1 1
github.com/ataivadev/eden/pkg/database/connection.go:41.2,41.12 1 1
github.com/ataivadev/eden/pkg/database/connection.go:45.31,47.19 2 1
github.com/ataivadev/eden/pkg/database/connection.go:47.19,49.3 1 1
github.com/ataivadev/eden/pkg/database/connection.go:51.2,52.63 1 1
github.com/ataivadev/eden/pkg/database/connection.go:65.56,72.2 1 1
github.com/ataivadev/eden/pkg/database/connection.go:75.42,76.44 1 0
github.com/ataivadev/eden/pkg/database/connection.go:76.44,78.3 1 0
github.com/ataivadev/eden/pkg/database/connection.go:80.2,83.16 2 0
github.com/ataivadev/eden/pkg/database/connection.go:83.16,85.3 1 0
github.com/ataivadev/eden/pkg/database/connection.go:87.2,88.16 2 0
github.com/ataivadev/eden/pkg/database/connection.go:88.16,90.3 1 0
github.com/ataivadev/eden/pkg/database/connection.go:93.2,98.12 5 0
github.com/ataivadev/eden/pkg/database/connection.go:102.40,103.17 1 0
github.com/ataivadev/eden/pkg/database/connection.go:103.17,105.3 1 0
github.com/ataivadev/eden/pkg/database/connection.go:107.2,108.16 2 0
github.com/ataivadev/eden/pkg/database/connection.go:108.16,110.3 1 0
github.com/ataivadev/eden/pkg/database/connection.go:112.2,112.22 1 0
github.com/ataivadev/eden/pkg/database/connection.go:122.56,127.2 1 1
github.com/ataivadev/eden/pkg/database/connection.go:130.69,131.22 1 0
github.com/ataivadev/eden/pkg/database/connection.go:131.22,133.3 1 0
github.com/ataivadev/eden/pkg/database/connection.go:136.2,140.16 4 0
github.com/ataivadev/eden/pkg/database/connection.go:140.16,142.3 1 0
github.com/ataivadev/eden/pkg/database/connection.go:145.2,145.52 1 0
github.com/ataivadev/eden/pkg/database/connection.go:145.52,147.3 1 0
github.com/ataivadev/eden/pkg/database/connection.go:150.2,161.78 3 0
github.com/ataivadev/eden/pkg/database/connection.go:170.45,172.2 1 0
github.com/ataivadev/eden/pkg/database/connection.go:175.65,177.2 1 0
github.com/ataivadev/eden/pkg/database/connection.go:180.59,182.2 1 0
github.com/ataivadev/eden/pkg/crypto/encryption.go:28.63,29.20 1 1
github.com/ataivadev/eden/pkg/crypto/encryption.go:29.20,31.3 1 1
github.com/ataivadev/eden/pkg/crypto/encryption.go:34.2,35.16 2 1
github.com/ataivadev/eden/pkg/crypto/encryption.go:35.16,37.3 1 0
github.com/ataivadev/eden/pkg/crypto/encryption.go:40.2,41.16 2 1
github.com/ataivadev/eden/pkg/crypto/encryption.go:41.16,43.3 1 0
github.com/ataivadev/eden/pkg/crypto/encryption.go:46.2,47.16 2 1
github.com/ataivadev/eden/pkg/crypto/encryption.go:47.16,49.3 1 0
github.com/ataivadev/eden/pkg/crypto/encryption.go:52.2,53.16 2 1
github.com/ataivadev/eden/pkg/crypto/encryption.go:53.16,55.3 1 0
github.com/ataivadev/eden/pkg/crypto/encryption.go:58.2,59.16 2 1
github.com/ataivadev/eden/pkg/crypto/encryption.go:59.16,61.3 1 0
github.com/ataivadev/eden/pkg/crypto/encryption.go:64.2,72.20 6 1
github.com/ataivadev/eden/pkg/crypto/encryption.go:76.72,77.20 1 1
github.com/ataivadev/eden/pkg/crypto/encryption.go:77.20,79.3 1 0
github.com/ataivadev/eden/pkg/crypto/encryption.go:81.2,81.49 1 1
github.com/ataivadev/eden/pkg/crypto/encryption.go:81.49,83.3 1 0
github.com/ataivadev/eden/pkg/crypto/encryption.go:86.2,92.16 5 1
github.com/ataivadev/eden/pkg/crypto/encryption.go:92.16,94.3 1 0
github.com/ataivadev/eden/pkg/crypto/encryption.go:97.2,98.16 2 1
github.com/ataivadev/eden/pkg/crypto/encryption.go:98.16,100.3 1 0
github.com/ataivadev/eden/pkg/crypto/encryption.go:103.2,104.16 2 1
github.com/ataivadev/eden/pkg/crypto/encryption.go:104.16,106.3 1 0
github.com/ataivadev/eden/pkg/crypto/encryption.go:109.2,110.16 2 1
github.com/ataivadev/eden/pkg/crypto/encryption.go:110.16,112.3 1 1
github.com/ataivadev/eden/pkg/crypto/encryption.go:114.2,114.23 1 1
github.com/ataivadev/eden/pkg/crypto/encryption.go:118.62,119.20 1 1
github.com/ataivadev/eden/pkg/crypto/encryption.go:119.20,121.3 1 0
github.com/ataivadev/eden/pkg/crypto/encryption.go:122.2,122.20 1 1
github.com/ataivadev/eden/pkg/crypto/encryption.go:122.20,124.3 1 0
github.com/ataivadev/eden/pkg/crypto/encryption.go:126.2,127.17 2 1
github.com/ataivadev/eden/pkg/crypto/encryption.go:131.37,133.2 1 1
github.com/ataivadev/eden/pkg/crypto/encryption.go:136.54,137.17 1 1
github.com/ataivadev/eden/pkg/crypto/encryption.go:137.17,139.3 1 1
github.com/ataivadev/eden/pkg/crypto/encryption.go:141.2,142.59 2 1
github.com/ataivadev/eden/pkg/crypto/encryption.go:142.59,144.3 1 0
github.com/ataivadev/eden/pkg/crypto/encryption.go:145.2,145.19 1 1
github.com/ataivadev/eden/pkg/crypto/encryption.go:149.52,150.20 1 1
github.com/ataivadev/eden/pkg/crypto/encryption.go:150.20,152.3 1 0
github.com/ataivadev/eden/pkg/crypto/encryption.go:154.2,155.16 2 1
github.com/ataivadev/eden/pkg/crypto/encryption.go:155.16,157.3 1 0
github.com/ataivadev/eden/pkg/crypto/encryption.go:158.2,158.26 1 1
github.com/ataivadev/eden/pkg/crypto/encryption.go:162.49,165.2 2 1
